This is pdfTeX, Version 3.141592653-2.6-1.40.24 (TeX Live 2022) (preloaded format=pdflatex 2022.6.15)  26 MAR 2023 14:26
entering extended mode
 restricted \write18 enabled.
 file:line:error style messages enabled.
 %&-line parsing enabled.
**"d:/OneDrive/013 - Master/06 - Masterarbeit/06-Masterarbeit-Corrections-trustful/00_Main/Main.tex"
(d:/OneDrive/013 - Master/06 - Masterarbeit/06-Masterarbeit-Corrections-trustful/00_Main/Main.tex
LaTeX2e <2022-06-01> pre-release-0 (develop 2022-6-15 branch)
L3 programming layer <2022-06-02> (d:/Programs/texlive/2022/texmf-dist/tex/latex/koma-script/scrreprt.cls
Document Class: scrreprt 2022/05/01 v3.36 KOMA-Script document class (report)
(d:/Programs/texlive/2022/texmf-dist/tex/latex/koma-script/scrkbase.sty
Package: scrkbase 2022/05/01 v3.36 KOMA-Script package (KOMA-Script-dependent basics and keyval usage)
 (d:/Programs/texlive/2022/texmf-dist/tex/latex/koma-script/scrbase.sty
Package: scrbase 2022/05/01 v3.36 KOMA-Script package (KOMA-Script-independent basics and keyval usage)
 (d:/Programs/texlive/2022/texmf-dist/tex/latex/koma-script/scrlfile.sty
Package: scrlfile 2022/05/01 v3.36 KOMA-Script package (file load hooks)
 (d:/Programs/texlive/2022/texmf-dist/tex/latex/koma-script/scrlfile-hook.sty
Package: scrlfile-hook 2022/05/01 v3.36 KOMA-Script package (using LaTeX hooks)
 (d:/Programs/texlive/2022/texmf-dist/tex/latex/koma-script/scrlogo.sty
Package: scrlogo 2022/05/01 v3.36 KOMA-Script package (logo)
))) (d:/Programs/texlive/2022/texmf-dist/tex/latex/graphics/keyval.sty
Package: keyval 2022/05/29 v1.15 key=value parser (DPC)
\KV@toks@=\toks16
)
Applying: [2021/05/01] Usage of raw or classic option list on input line 252.
Already applied: [0000/00/00] Usage of raw or classic option list on input line 368.
)) (d:/Programs/texlive/2022/texmf-dist/tex/latex/koma-script/tocbasic.sty
Package: tocbasic 2022/05/01 v3.36 KOMA-Script package (handling toc-files)
\scr@dte@tocline@numberwidth=\skip47
\scr@dte@tocline@numbox=\box51
)
Package tocbasic Info: babel extension for `toc' omitted
(tocbasic)             because of missing \bbl@set@language on input line 137.
Package scrreprt Info: You've used standard option `12pt'.
(scrreprt)             This is correct!
(scrreprt)             Internally I'm using `fontsize=12pt'.
(scrreprt)             If you'd like to set the option with \KOMAoptions,
(scrreprt)             you'd have to use `fontsize=12pt' there
(scrreprt)             instead of `12pt', too.
Class scrreprt Info: File `scrsize12pt.clo' used to setup font sizes on input line 2502.
 (d:/Programs/texlive/2022/texmf-dist/tex/latex/koma-script/scrsize12pt.clo
File: scrsize12pt.clo 2022/05/01 v3.36 KOMA-Script font size class option (12pt)
) (d:/Programs/texlive/2022/texmf-dist/tex/latex/koma-script/typearea.sty
Package: typearea 2022/05/01 v3.36 KOMA-Script package (type area)
\ta@bcor=\skip48
\ta@div=\count185
Package typearea Info: You've used standard option `a4paper'.
(typearea)             This is correct!
(typearea)             Internally I'm using `paper=a4'.
(typearea)             If you'd like to set the option with \KOMAoptions,
(typearea)             you'd have to use `paper=a4' there
(typearea)             instead of `a4paper', too.
\ta@hblk=\skip49
\ta@vblk=\skip50
\ta@temp=\skip51
\footheight=\skip52
Package typearea Info: These are the values describing the layout:
(typearea)             DIV  = 12
(typearea)             BCOR = 0.0pt
(typearea)             \paperwidth      = 597.50793pt
(typearea)              \textwidth      = 448.13095pt
(typearea)              DIV departure   = -6%
(typearea)              \evensidemargin = 27.31467pt
(typearea)              \oddsidemargin  = -22.47766pt
(typearea)             \paperheight     = 845.04694pt
(typearea)              \textheight     = 635.5pt
(typearea)              \topmargin      = -41.72441pt
(typearea)              \headheight     = 18.125pt
(typearea)              \headsep        = 21.75pt
(typearea)              \topskip        = 12.0pt
(typearea)              \footskip       = 50.75pt
(typearea)              \baselineskip   = 14.5pt
(typearea)              on input line 1744.
)
\c@part=\count186
\c@chapter=\count187
\c@section=\count188
\c@subsection=\count189
\c@subsubsection=\count190
\c@paragraph=\count191
\c@subparagraph=\count192
\scr@dte@chapter@maxnumwidth=\skip53
Class scrreprt Info: using compatibility default `afterindent=bysign'
(scrreprt)           for `\chapter on input line 5741.
\scr@dte@section@maxnumwidth=\skip54
Class scrreprt Info: using compatibility default `runin=bysign'
(scrreprt)           for `\section on input line 5752.
Class scrreprt Info: using compatibility default `afterindent=bysign'
(scrreprt)           for `\section on input line 5752.
\scr@dte@part@maxnumwidth=\skip55
Class scrreprt Info: using compatibility default `afterindent=true'
(scrreprt)           for `\part on input line 5761.
\scr@dte@subsection@maxnumwidth=\skip56
Class scrreprt Info: using compatibility default `runin=bysign'
(scrreprt)           for `\subsection on input line 5771.
Class scrreprt Info: using compatibility default `afterindent=bysign'
(scrreprt)           for `\subsection on input line 5771.
\scr@dte@subsubsection@maxnumwidth=\skip57
Class scrreprt Info: using compatibility default `runin=bysign'
(scrreprt)           for `\subsubsection on input line 5781.
Class scrreprt Info: using compatibility default `afterindent=bysign'
(scrreprt)           for `\subsubsection on input line 5781.
\scr@dte@paragraph@maxnumwidth=\skip58
Class scrreprt Info: using compatibility default `runin=bysign'
(scrreprt)           for `\paragraph on input line 5792.
Class scrreprt Info: using compatibility default `afterindent=bysign'
(scrreprt)           for `\paragraph on input line 5792.
\scr@dte@subparagraph@maxnumwidth=\skip59
Class scrreprt Info: using compatibility default `runin=bysign'
(scrreprt)           for `\subparagraph on input line 5802.
Class scrreprt Info: using compatibility default `afterindent=bysign'
(scrreprt)           for `\subparagraph on input line 5802.
\abovecaptionskip=\skip60
\belowcaptionskip=\skip61
\c@pti@nb@sid@b@x=\box52
Package tocbasic Info: babel extension for `lof' omitted
(tocbasic)             because of missing \bbl@set@language on input line 6965.
\scr@dte@figure@maxnumwidth=\skip62
\c@figure=\count193
Package tocbasic Info: babel extension for `lot' omitted
(tocbasic)             because of missing \bbl@set@language on input line 6982.
\scr@dte@table@maxnumwidth=\skip63
\c@table=\count194
Class scrreprt Info: Redefining `\numberline' on input line 7153.
\bibindent=\dimen138
) (./mystyle.sty
Package: mystyle 
 (d:/Programs/texlive/2022/texmf-dist/tex/latex/import/import.sty
Package: import 2020/04/01  v 6.2
) (d:/Programs/texlive/2022/texmf-dist/tex/latex/amsmath/amsmath.sty
Package: amsmath 2022/04/08 v2.17n AMS math features
\@mathmargin=\skip64

For additional information on amsmath, use the `?' option.
(d:/Programs/texlive/2022/texmf-dist/tex/latex/amsmath/amstext.sty
Package: amstext 2021/08/26 v2.01 AMS text
 (d:/Programs/texlive/2022/texmf-dist/tex/latex/amsmath/amsgen.sty
File: amsgen.sty 1999/11/30 v2.0 generic functions
\@emptytoks=\toks17
\ex@=\dimen139
)) (d:/Programs/texlive/2022/texmf-dist/tex/latex/amsmath/amsbsy.sty
Package: amsbsy 1999/11/29 v1.2d Bold Symbols
\pmbraise@=\dimen140
) (d:/Programs/texlive/2022/texmf-dist/tex/latex/amsmath/amsopn.sty
Package: amsopn 2022/04/08 v2.04 operator names
)
\inf@bad=\count195
LaTeX Info: Redefining \frac on input line 234.
\uproot@=\count196
\leftroot@=\count197
LaTeX Info: Redefining \overline on input line 399.
LaTeX Info: Redefining \colon on input line 410.
\classnum@=\count198
\DOTSCASE@=\count199
LaTeX Info: Redefining \ldots on input line 496.
LaTeX Info: Redefining \dots on input line 499.
LaTeX Info: Redefining \cdots on input line 620.
\Mathstrutbox@=\box53
\strutbox@=\box54
LaTeX Info: Redefining \big on input line 722.
LaTeX Info: Redefining \Big on input line 723.
LaTeX Info: Redefining \bigg on input line 724.
LaTeX Info: Redefining \Bigg on input line 725.
\big@size=\dimen141
LaTeX Font Info:    Redeclaring font encoding OML on input line 743.
LaTeX Font Info:    Redeclaring font encoding OMS on input line 744.
\macc@depth=\count266
LaTeX Info: Redefining \bmod on input line 905.
LaTeX Info: Redefining \pmod on input line 910.
LaTeX Info: Redefining \smash on input line 940.
LaTeX Info: Redefining \relbar on input line 970.
LaTeX Info: Redefining \Relbar on input line 971.
\c@MaxMatrixCols=\count267
\dotsspace@=\muskip16
\c@parentequation=\count268
\dspbrk@lvl=\count269
\tag@help=\toks18
\row@=\count270
\column@=\count271
\maxfields@=\count272
\andhelp@=\toks19
\eqnshift@=\dimen142
\alignsep@=\dimen143
\tagshift@=\dimen144
\tagwidth@=\dimen145
\totwidth@=\dimen146
\lineht@=\dimen147
\@envbody=\toks20
\multlinegap=\skip65
\multlinetaggap=\skip66
\mathdisplay@stack=\toks21
LaTeX Info: Redefining \[ on input line 2953.
LaTeX Info: Redefining \] on input line 2954.
) (d:/Programs/texlive/2022/texmf-dist/tex/latex/tools/bm.sty
Package: bm 2022/01/05 v1.2f Bold Symbol Support (DPC/FMi)
\symboldoperators=\mathgroup4
\symboldletters=\mathgroup5
\symboldsymbols=\mathgroup6
Package bm Info: No bold for \OMX/cmex/m/n, using \pmb.
LaTeX Font Info:    Redeclaring math alphabet \mathbf on input line 149.
) (d:/Programs/texlive/2022/texmf-dist/tex/generic/babel/babel.sty
Package: babel 2022/06/06 3.76 The Babel package
\babel@savecnt=\count273
\U@D=\dimen148
\l@unhyphenated=\language87
 (d:/Programs/texlive/2022/texmf-dist/tex/generic/babel/txtbabel.def)
\bbl@readstream=\read2
\bbl@dirlevel=\count274
 (d:/Programs/texlive/2022/texmf-dist/tex/generic/babel-english/british.ldf
Language: british 2017/06/06 v3.3r English support from the babel system
 (d:/Programs/texlive/2022/texmf-dist/tex/generic/babel-english/english.ldf
Language: english 2017/06/06 v3.3r English support from the babel system
Package babel Info: Hyphen rules for 'canadian' set to \l@english
(babel)             (\language0). Reported on input line 102.
Package babel Info: Hyphen rules for 'australian' set to \l@ukenglish
(babel)             (\language21). Reported on input line 105.
Package babel Info: Hyphen rules for 'newzealand' set to \l@ukenglish
(babel)             (\language21). Reported on input line 108.
))) (d:/Programs/texlive/2022/texmf-dist/tex/generic/babel/locale/en/babel-british.tex (d:/Programs/texlive/2022/texmf-dist/tex/generic/babel/locale/en/babel-english-unitedkingdom.tex
Package babel Info: Importing font and identification data for british
(babel)             from babel-en-GB.ini. Reported on input line 11.
)) (d:/Programs/texlive/2022/texmf-dist/tex/latex/esvect/esvect.sty
Package: esvect 
\symesvector=\mathgroup7
LaTeX Font Info:    Redeclaring math symbol \fldr on input line 38.
) (d:/Programs/texlive/2022/texmf-dist/tex/latex/graphics/graphicx.sty
Package: graphicx 2021/09/16 v1.2d Enhanced LaTeX Graphics (DPC,SPQR)
 (d:/Programs/texlive/2022/texmf-dist/tex/latex/graphics/graphics.sty
Package: graphics 2022/03/10 v1.4e Standard LaTeX Graphics (DPC,SPQR)
 (d:/Programs/texlive/2022/texmf-dist/tex/latex/graphics/trig.sty
Package: trig 2021/08/11 v1.11 sin cos tan (DPC)
) (d:/Programs/texlive/2022/texmf-dist/tex/latex/graphics-cfg/graphics.cfg
File: graphics.cfg 2016/06/04 v1.11 sample graphics configuration
)
Package graphics Info: Driver file: pdftex.def on input line 107.
 (d:/Programs/texlive/2022/texmf-dist/tex/latex/graphics-def/pdftex.def
File: pdftex.def 2020/10/05 v1.2a Graphics/color driver for pdftex
))
\Gin@req@height=\dimen149
\Gin@req@width=\dimen150
) (d:/Programs/texlive/2022/texmf-dist/tex/latex/hyperref/hyperref.sty
Package: hyperref 2022-05-17 v7.00q Hypertext links for LaTeX
 (d:/Programs/texlive/2022/texmf-dist/tex/generic/ltxcmds/ltxcmds.sty
Package: ltxcmds 2020-05-10 v1.25 LaTeX kernel commands for general use (HO)
) (d:/Programs/texlive/2022/texmf-dist/tex/generic/iftex/iftex.sty
Package: iftex 2022/02/03 v1.0f TeX engine tests
) (d:/Programs/texlive/2022/texmf-dist/tex/generic/pdftexcmds/pdftexcmds.sty
Package: pdftexcmds 2020-06-27 v0.33 Utility functions of pdfTeX for LuaTeX (HO)
 (d:/Programs/texlive/2022/texmf-dist/tex/generic/infwarerr/infwarerr.sty
Package: infwarerr 2019/12/03 v1.5 Providing info/warning/error messages (HO)
)
Package pdftexcmds Info: \pdf@primitive is available.
Package pdftexcmds Info: \pdf@ifprimitive is available.
Package pdftexcmds Info: \pdfdraftmode found.
) (d:/Programs/texlive/2022/texmf-dist/tex/generic/kvsetkeys/kvsetkeys.sty
Package: kvsetkeys 2019/12/15 v1.18 Key value parser (HO)
) (d:/Programs/texlive/2022/texmf-dist/tex/generic/kvdefinekeys/kvdefinekeys.sty
Package: kvdefinekeys 2019-12-19 v1.6 Define keys (HO)
) (d:/Programs/texlive/2022/texmf-dist/tex/generic/pdfescape/pdfescape.sty
Package: pdfescape 2019/12/09 v1.15 Implements pdfTeX's escape features (HO)
) (d:/Programs/texlive/2022/texmf-dist/tex/latex/hycolor/hycolor.sty
Package: hycolor 2020-01-27 v1.10 Color options for hyperref/bookmark (HO)
) (d:/Programs/texlive/2022/texmf-dist/tex/latex/letltxmacro/letltxmacro.sty
Package: letltxmacro 2019/12/03 v1.6 Let assignment for LaTeX macros (HO)
) (d:/Programs/texlive/2022/texmf-dist/tex/latex/auxhook/auxhook.sty
Package: auxhook 2019-12-17 v1.6 Hooks for auxiliary files (HO)
) (d:/Programs/texlive/2022/texmf-dist/tex/latex/hyperref/nameref.sty
Package: nameref 2022-05-17 v2.50 Cross-referencing by name of section
 (d:/Programs/texlive/2022/texmf-dist/tex/latex/refcount/refcount.sty
Package: refcount 2019/12/15 v3.6 Data extraction from label references (HO)
) (d:/Programs/texlive/2022/texmf-dist/tex/generic/gettitlestring/gettitlestring.sty
Package: gettitlestring 2019/12/15 v1.6 Cleanup title references (HO)
 (d:/Programs/texlive/2022/texmf-dist/tex/latex/kvoptions/kvoptions.sty
Package: kvoptions 2020-10-07 v3.14 Key value format for package options (HO)
))
\c@section@level=\count275
)
\@linkdim=\dimen151
\Hy@linkcounter=\count276
\Hy@pagecounter=\count277
 (d:/Programs/texlive/2022/texmf-dist/tex/latex/hyperref/pd1enc.def
File: pd1enc.def 2022-05-17 v7.00q Hyperref: PDFDocEncoding definition (HO)
Now handling font encoding PD1 ...
... no UTF-8 mapping file for font encoding PD1
) (d:/Programs/texlive/2022/texmf-dist/tex/generic/intcalc/intcalc.sty
Package: intcalc 2019/12/15 v1.3 Expandable calculations with integers (HO)
) (d:/Programs/texlive/2022/texmf-dist/tex/generic/etexcmds/etexcmds.sty
Package: etexcmds 2019/12/15 v1.7 Avoid name clashes with e-TeX commands (HO)
)
\Hy@SavedSpaceFactor=\count278
 (d:/Programs/texlive/2022/texmf-dist/tex/latex/hyperref/puenc.def
File: puenc.def 2022-05-17 v7.00q Hyperref: PDF Unicode definition (HO)
Now handling font encoding PU ...
... no UTF-8 mapping file for font encoding PU
)
Package hyperref Info: Hyper figures OFF on input line 4139.
Package hyperref Info: Link nesting OFF on input line 4144.
Package hyperref Info: Hyper index ON on input line 4147.
Package hyperref Info: Plain pages OFF on input line 4154.
Package hyperref Info: Backreferencing OFF on input line 4159.
Package hyperref Info: Implicit mode ON; LaTeX internals redefined.
Package hyperref Info: Bookmarks ON on input line 4385.
\c@Hy@tempcnt=\count279
 (d:/Programs/texlive/2022/texmf-dist/tex/latex/url/url.sty
\Urlmuskip=\muskip17
Package: url 2013/09/16  ver 3.4  Verb mode for urls, etc.
)
LaTeX Info: Redefining \url on input line 4723.
\XeTeXLinkMargin=\dimen152
 (d:/Programs/texlive/2022/texmf-dist/tex/generic/bitset/bitset.sty
Package: bitset 2019/12/09 v1.3 Handle bit-vector datatype (HO)
 (d:/Programs/texlive/2022/texmf-dist/tex/generic/bigintcalc/bigintcalc.sty
Package: bigintcalc 2019/12/15 v1.5 Expandable calculations on big integers (HO)
))
\Fld@menulength=\count280
\Field@Width=\dimen153
\Fld@charsize=\dimen154
Package hyperref Info: Hyper figures OFF on input line 6001.
Package hyperref Info: Link nesting OFF on input line 6006.
Package hyperref Info: Hyper index ON on input line 6009.
Package hyperref Info: backreferencing OFF on input line 6016.
Package hyperref Info: Link coloring OFF on input line 6021.
Package hyperref Info: Link coloring with OCG OFF on input line 6026.
Package hyperref Info: PDF/A mode OFF on input line 6031.
 (d:/Programs/texlive/2022/texmf-dist/tex/latex/base/atbegshi-ltx.sty
Package: atbegshi-ltx 2021/01/10 v1.0c Emulation of the original atbegshi
package with kernel methods
)
\Hy@abspage=\count281
\c@Item=\count282
\c@Hfootnote=\count283
)
Package hyperref Info: Driver (autodetected): hpdftex.
 (d:/Programs/texlive/2022/texmf-dist/tex/latex/hyperref/hpdftex.def
File: hpdftex.def 2022-05-17 v7.00q Hyperref driver for pdfTeX
 (d:/Programs/texlive/2022/texmf-dist/tex/latex/base/atveryend-ltx.sty
Package: atveryend-ltx 2020/08/19 v1.0a Emulation of the original atveryend package
with kernel methods
)
\Fld@listcount=\count284
\c@bookmark@seq@number=\count285
 (d:/Programs/texlive/2022/texmf-dist/tex/latex/rerunfilecheck/rerunfilecheck.sty
Package: rerunfilecheck 2019/12/05 v1.9 Rerun checks for auxiliary files (HO)
 (d:/Programs/texlive/2022/texmf-dist/tex/generic/uniquecounter/uniquecounter.sty
Package: uniquecounter 2019/12/15 v1.4 Provide unlimited unique counter (HO)
)
Package uniquecounter Info: New unique counter `rerunfilecheck' on input line 286.
)
\Hy@SectionHShift=\skip67
) (d:/Programs/texlive/2022/texmf-dist/tex/latex/base/inputenc.sty
Package: inputenc 2021/02/14 v1.3d Input encoding file
\inpenc@prehook=\toks22
\inpenc@posthook=\toks23
) (d:/Programs/texlive/2022/texmf-dist/tex/latex/etex-pkg/etex.sty
Package: etex 2016/08/01 v2.7 eTeX basic definition package (PEB,DPC)


Package etex Warning: Extended allocation already in use.
(etex)                etex.sty code will not be used.
(etex)                To force etex package to load, add
(etex)                \RequirePackage{etex}
(etex)                at the start of the document.

) (d:/Programs/texlive/2022/texmf-dist/tex/generic/soul/soul.sty
Package: soul 2003/11/17 v2.4 letterspacing/underlining (mf)
\SOUL@word=\toks24
\SOUL@lasttoken=\toks25
\SOUL@cmds=\toks26
\SOUL@buffer=\toks27
\SOUL@token=\toks28
\SOUL@spaceskip=\skip68
\SOUL@ttwidth=\dimen155
\SOUL@uldp=\dimen156
\SOUL@ulht=\dimen157
) (d:/Programs/texlive/2022/texmf-dist/tex/latex/multirow/multirow.sty
Package: multirow 2021/03/15 v2.8 Span multiple rows of a table
\multirow@colwidth=\skip69
\multirow@cntb=\count286
\multirow@dima=\skip70
\bigstrutjot=\dimen158
) (d:/Programs/texlive/2022/texmf-dist/tex/latex/booktabs/booktabs.sty
Package: booktabs 2020/01/12 v1.61803398 Publication quality tables
\heavyrulewidth=\dimen159
\lightrulewidth=\dimen160
\cmidrulewidth=\dimen161
\belowrulesep=\dimen162
\belowbottomsep=\dimen163
\aboverulesep=\dimen164
\abovetopsep=\dimen165
\cmidrulesep=\dimen166
\cmidrulekern=\dimen167
\defaultaddspace=\dimen168
\@cmidla=\count287
\@cmidlb=\count288
\@aboverulesep=\dimen169
\@belowrulesep=\dimen170
\@thisruleclass=\count289
\@lastruleclass=\count290
\@thisrulewidth=\dimen171
) (d:/Programs/texlive/2022/texmf-dist/tex/latex/float/float.sty
Package: float 2001/11/08 v1.3d Float enhancements (AL)
\c@float@type=\count291
\float@exts=\toks29
\float@box=\box55
\@float@everytoks=\toks30
\@floatcapt=\box56
) (d:/Programs/texlive/2022/texmf-dist/tex/latex/biblatex/biblatex.sty
Package: biblatex 2022/02/02 v3.17 programmable bibliographies (PK/MW)
 (d:/Programs/texlive/2022/texmf-dist/tex/latex/etoolbox/etoolbox.sty
Package: etoolbox 2020/10/05 v2.5k e-TeX tools for LaTeX (JAW)
\etb@tempcnta=\count292
) (d:/Programs/texlive/2022/texmf-dist/tex/latex/logreq/logreq.sty
Package: logreq 2010/08/04 v1.0 xml request logger
\lrq@indent=\count293
 (d:/Programs/texlive/2022/texmf-dist/tex/latex/logreq/logreq.def
File: logreq.def 2010/08/04 v1.0 logreq spec v1.0
)) (d:/Programs/texlive/2022/texmf-dist/tex/latex/base/ifthen.sty
Package: ifthen 2022/04/13 v1.1d Standard LaTeX ifthen package (DPC)
)
\c@tabx@nest=\count294
\c@listtotal=\count295
\c@listcount=\count296
\c@liststart=\count297
\c@liststop=\count298
\c@citecount=\count299
\c@citetotal=\count300
\c@multicitecount=\count301
\c@multicitetotal=\count302
\c@instcount=\count303
\c@maxnames=\count304
\c@minnames=\count305
\c@maxitems=\count306
\c@minitems=\count307
\c@citecounter=\count308
\c@maxcitecounter=\count309
\c@savedcitecounter=\count310
\c@uniquelist=\count311
\c@uniquename=\count312
\c@refsection=\count313
\c@refsegment=\count314
\c@maxextratitle=\count315
\c@maxextratitleyear=\count316
\c@maxextraname=\count317
\c@maxextradate=\count318
\c@maxextraalpha=\count319
\c@abbrvpenalty=\count320
\c@highnamepenalty=\count321
\c@lownamepenalty=\count322
\c@maxparens=\count323
\c@parenlevel=\count324
\blx@tempcnta=\count325
\blx@tempcntb=\count326
\blx@tempcntc=\count327
\c@blx@maxsection=\count328
\c@blx@maxsegment@0=\count329
\blx@notetype=\count330
\blx@parenlevel@text=\count331
\blx@parenlevel@foot=\count332
\c@blx@sectionciteorder@0=\count333
\blx@entrysetcounter=\count334
\blx@biblioinstance=\count335
\labelnumberwidth=\skip71
\labelalphawidth=\skip72
\biblabelsep=\skip73
\bibitemsep=\skip74
\bibnamesep=\skip75
\bibinitsep=\skip76
\bibparsep=\skip77
\bibhang=\skip78
\blx@bcfin=\read3
\blx@bcfout=\write3
\blx@langwohyphens=\language88
\c@mincomprange=\count336
\c@maxcomprange=\count337
\c@mincompwidth=\count338
Package biblatex Info: Trying to load biblatex default data model...
Package biblatex Info: ... file 'blx-dm.def' found.
 (d:/Programs/texlive/2022/texmf-dist/tex/latex/biblatex/blx-dm.def
File: blx-dm.def 2022/02/02 v3.17 biblatex localization (PK/MW)
)
Package biblatex Info: Trying to load biblatex style data model...
Package biblatex Info: ... file 'authoryear-comp.dbx' not found.
Package biblatex Info: Trying to load biblatex custom data model...
Package biblatex Info: ... file 'biblatex-dm.cfg' not found.
\c@afterword=\count339
\c@savedafterword=\count340
\c@annotator=\count341
\c@savedannotator=\count342
\c@author=\count343
\c@savedauthor=\count344
\c@bookauthor=\count345
\c@savedbookauthor=\count346
\c@commentator=\count347
\c@savedcommentator=\count348
\c@editor=\count349
\c@savededitor=\count350
\c@editora=\count351
\c@savededitora=\count352
\c@editorb=\count353
\c@savededitorb=\count354
\c@editorc=\count355
\c@savededitorc=\count356
\c@foreword=\count357
\c@savedforeword=\count358
\c@holder=\count359
\c@savedholder=\count360
\c@introduction=\count361
\c@savedintroduction=\count362
\c@namea=\count363
\c@savednamea=\count364
\c@nameb=\count365
\c@savednameb=\count366
\c@namec=\count367
\c@savednamec=\count368
\c@translator=\count369
\c@savedtranslator=\count370
\c@shortauthor=\count371
\c@savedshortauthor=\count372
\c@shorteditor=\count373
\c@savedshorteditor=\count374
\c@labelname=\count375
\c@savedlabelname=\count376
\c@institution=\count377
\c@savedinstitution=\count378
\c@lista=\count379
\c@savedlista=\count380
\c@listb=\count381
\c@savedlistb=\count382
\c@listc=\count383
\c@savedlistc=\count384
\c@listd=\count385
\c@savedlistd=\count386
\c@liste=\count387
\c@savedliste=\count388
\c@listf=\count389
\c@savedlistf=\count390
\c@location=\count391
\c@savedlocation=\count392
\c@organization=\count393
\c@savedorganization=\count394
\c@origlocation=\count395
\c@savedoriglocation=\count396
\c@origpublisher=\count397
\c@savedorigpublisher=\count398
\c@publisher=\count399
\c@savedpublisher=\count400
\c@language=\count401
\c@savedlanguage=\count402
\c@origlanguage=\count403
\c@savedoriglanguage=\count404
\c@pageref=\count405
\c@savedpageref=\count406
\shorthandwidth=\skip79
\shortjournalwidth=\skip80
\shortserieswidth=\skip81
\shorttitlewidth=\skip82
\shortauthorwidth=\skip83
\shorteditorwidth=\skip84
\locallabelnumberwidth=\skip85
\locallabelalphawidth=\skip86
\localshorthandwidth=\skip87
\localshortjournalwidth=\skip88
\localshortserieswidth=\skip89
\localshorttitlewidth=\skip90
\localshortauthorwidth=\skip91
\localshorteditorwidth=\skip92
Package biblatex Info: Trying to load compatibility code...
Package biblatex Info: ... file 'blx-compat.def' found.
 (d:/Programs/texlive/2022/texmf-dist/tex/latex/biblatex/blx-compat.def
File: blx-compat.def 2022/02/02 v3.17 biblatex compatibility (PK/MW)
)
Package biblatex Info: Trying to load generic definitions...
Package biblatex Info: ... file 'biblatex.def' found.
 (d:/Programs/texlive/2022/texmf-dist/tex/latex/biblatex/biblatex.def
File: biblatex.def 2022/02/02 v3.17 biblatex compatibility (PK/MW)
\c@textcitecount=\count407
\c@textcitetotal=\count408
\c@textcitemaxnames=\count409
\c@biburlbigbreakpenalty=\count410
\c@biburlbreakpenalty=\count411
\c@biburlnumpenalty=\count412
\c@biburlucpenalty=\count413
\c@biburllcpenalty=\count414
\biburlbigskip=\muskip18
\biburlnumskip=\muskip19
\biburlucskip=\muskip20
\biburllcskip=\muskip21
\c@smartand=\count415
)
Package biblatex Info: Trying to load natbib compatibility...
Package biblatex Info: ... file 'blx-natbib.def' found.
 (d:/Programs/texlive/2022/texmf-dist/tex/latex/biblatex/blx-natbib.def
File: blx-natbib.def 2022/02/02 v3.17 biblatex compatibility (PK/MW)
Package biblatex Info: Delimiter 'nameyeardelim' in context '' already defined, overwriting.
)
Package biblatex Info: Trying to load bibliography style 'authoryear'...
Package biblatex Info: ... file 'authoryear.bbx' found.
 (d:/Programs/texlive/2022/texmf-dist/tex/latex/biblatex/bbx/authoryear.bbx
File: authoryear.bbx 2022/02/02 v3.17 biblatex bibliography style (PK/MW)
Package biblatex Info: Trying to load bibliography style 'standard'...
Package biblatex Info: ... file 'standard.bbx' found.
 (d:/Programs/texlive/2022/texmf-dist/tex/latex/biblatex/bbx/standard.bbx
File: standard.bbx 2022/02/02 v3.17 biblatex bibliography style (PK/MW)
\c@bbx:relatedcount=\count416
\c@bbx:relatedtotal=\count417
))
Package biblatex Info: Trying to load citation style 'authoryear-comp'...
Package biblatex Info: ... file 'authoryear-comp.cbx' found.
 (d:/Programs/texlive/2022/texmf-dist/tex/latex/biblatex/cbx/authoryear-comp.cbx
File: authoryear-comp.cbx 2022/02/02 v3.17 biblatex citation style (PK/MW)
Package biblatex Info: Redefining '\cite'.
Package biblatex Info: Redefining '\parencite'.
Package biblatex Info: Redefining '\footcite'.
Package biblatex Info: Redefining '\footcitetext'.
Package biblatex Info: Redefining '\smartcite'.
Package biblatex Info: Redefining '\textcite'.
Package biblatex Info: Redefining '\textcites'.
Package biblatex Info: Redefining '\cites'.
Package biblatex Info: Redefining '\parencites'.
Package biblatex Info: Redefining '\footcites'.
Package biblatex Info: Redefining '\footcitetexts'.
Package biblatex Info: Redefining '\smartcites'.
)
Package biblatex Info: Trying to load configuration file...
Package biblatex Info: ... file 'biblatex.cfg' found.
 (d:/Programs/texlive/2022/texmf-dist/tex/latex/biblatex/biblatex.cfg
File: biblatex.cfg 
)

Package biblatex Warning: 'firstinits' option is deprecated.
(biblatex)                Please use 'giveninits' instead.

Package biblatex Info: Input encoding 'utf8' detected.
Package biblatex Info: Document encoding is UTF8 ....
(d:/Programs/texlive/2022/texmf-dist/tex/latex/l3kernel/expl3.sty
Package: expl3 2022-06-02 L3 programming layer (loader) 
 (d:/Programs/texlive/2022/texmf-dist/tex/latex/l3backend/l3backend-pdftex.def
File: l3backend-pdftex.def 2022-04-20 L3 backend support: PDF output (pdfTeX)
\l__color_backend_stack_int=\count418
\l__pdf_internal_box=\box57
))
Package biblatex Info: ... and expl3
(biblatex)             2022-06-02 L3 programming layer (loader) 
(biblatex)             is new enough (at least 2020/04/06),
(biblatex)             setting 'casechanger=expl3'.
 (d:/Programs/texlive/2022/texmf-dist/tex/latex/biblatex/blx-case-expl3.sty (d:/Programs/texlive/2022/texmf-dist/tex/latex/l3packages/xparse/xparse.sty
Package: xparse 2022-06-07 L3 Experimental document command parser
)
Package: blx-case-expl3 2022/02/02 v3.17 expl3 case changing code for biblatex
)) (d:/Programs/texlive/2022/texmf-dist/tex/latex/siunitx/siunitx.sty
Package: siunitx 2022-06-07 v3.1.3 A comprehensive (SI) units package
\l__siunitx_angle_tmp_dim=\dimen172
\l__siunitx_angle_marker_box=\box58
\l__siunitx_angle_unit_box=\box59
\l__siunitx_compound_count_int=\count419
 (d:/Programs/texlive/2022/texmf-dist/tex/latex/translations/translations.sty
Package: translations 2022/02/05 v1.12 internationalization of LaTeX2e packages (CN)
)
\l__siunitx_number_exponent_fixed_int=\count420
\l__siunitx_number_min_decimal_int=\count421
\l__siunitx_number_min_integer_int=\count422
\l__siunitx_number_round_precision_int=\count423
\l__siunitx_number_group_first_int=\count424
\l__siunitx_number_group_size_int=\count425
\l__siunitx_number_group_minimum_int=\count426
\l__siunitx_table_tmp_box=\box60
\l__siunitx_table_tmp_dim=\dimen173
\l__siunitx_table_column_width_dim=\dimen174
\l__siunitx_table_integer_box=\box61
\l__siunitx_table_decimal_box=\box62
\l__siunitx_table_before_box=\box63
\l__siunitx_table_after_box=\box64
\l__siunitx_table_before_dim=\dimen175
\l__siunitx_table_carry_dim=\dimen176
\l__siunitx_unit_tmp_int=\count427
\l__siunitx_unit_position_int=\count428
\l__siunitx_unit_total_int=\count429
 (d:/Programs/texlive/2022/texmf-dist/tex/latex/tools/array.sty
Package: array 2022/03/10 v2.5f Tabular extension package (FMi)
\col@sep=\dimen177
\ar@mcellbox=\box65
\extrarowheight=\dimen178
\NC@list=\toks31
\extratabsurround=\skip93
\backup@length=\skip94
\ar@cellbox=\box66
)) (d:/Programs/texlive/2022/texmf-dist/tex/generic/ulem/ulem.sty
\UL@box=\box67
\UL@hyphenbox=\box68
\UL@skip=\skip95
\UL@hook=\toks32
\UL@height=\dimen179
\UL@pe=\count430
\UL@pixel=\dimen180
\ULC@box=\box69
Package: ulem 2019/11/18
\ULdepth=\dimen181
)) (d:/Programs/texlive/2022/texmf-dist/tex/latex/pdfpages/pdfpages.sty
Package: pdfpages 2022/05/22 v0.5v Insert pages of external PDF documents (AM)
 (d:/Programs/texlive/2022/texmf-dist/tex/latex/tools/calc.sty
Package: calc 2017/05/25 v4.3 Infix arithmetic (KKT,FJ)
\calc@Acount=\count431
\calc@Bcount=\count432
\calc@Adimen=\dimen182
\calc@Bdimen=\dimen183
\calc@Askip=\skip96
\calc@Bskip=\skip97
LaTeX Info: Redefining \setlength on input line 80.
LaTeX Info: Redefining \addtolength on input line 81.
\calc@Ccount=\count433
\calc@Cskip=\skip98
) (d:/Programs/texlive/2022/texmf-dist/tex/latex/eso-pic/eso-pic.sty
Package: eso-pic 2020/10/14 v3.0a eso-pic (RN)
\ESO@tempdima=\dimen184
\ESO@tempdimb=\dimen185
 (d:/Programs/texlive/2022/texmf-dist/tex/latex/xcolor/xcolor.sty
Package: xcolor 2022/06/12 v2.14 LaTeX color extensions (UK)
 (d:/Programs/texlive/2022/texmf-dist/tex/latex/graphics-cfg/color.cfg
File: color.cfg 2016/01/02 v1.6 sample color configuration
)
Package xcolor Info: Driver file: pdftex.def on input line 227.
 (d:/Programs/texlive/2022/texmf-dist/tex/latex/graphics/mathcolor.ltx)
Package xcolor Info: Model `cmy' substituted by `cmy0' on input line 1353.
Package xcolor Info: Model `hsb' substituted by `rgb' on input line 1357.
Package xcolor Info: Model `RGB' extended on input line 1369.
Package xcolor Info: Model `HTML' substituted by `rgb' on input line 1371.
Package xcolor Info: Model `Hsb' substituted by `hsb' on input line 1372.
Package xcolor Info: Model `tHsb' substituted by `hsb' on input line 1373.
Package xcolor Info: Model `HSB' substituted by `hsb' on input line 1374.
Package xcolor Info: Model `Gray' substituted by `gray' on input line 1375.
Package xcolor Info: Model `wave' substituted by `hsb' on input line 1376.
))
\AM@pagewidth=\dimen186
\AM@pageheight=\dimen187
\AM@fboxrule=\dimen188
 (d:/Programs/texlive/2022/texmf-dist/tex/latex/pdfpages/pppdftex.def
File: pppdftex.def 2022/05/22 v0.5v Pdfpages driver for pdfTeX (AM)
)
\pdfpages@includegraphics@status=\count434
\AM@pagebox=\box70
\AM@global@opts=\toks33
\AM@pagecnt=\count435
\AM@toc@title=\toks34
\c@AM@survey=\count436
\AM@templatesizebox=\box71
)

Package biblatex Warning: 'babel/polyglossia' detected but 'csquotes' missing.
(biblatex)                Loading 'csquotes' recommended.

\@quotelevel=\count437
\@quotereset=\count438

Package biblatex Warning: Conflicting options.
(biblatex)                '<namepart>inits' conflicts with 'uniquename=full'.
(biblatex)                Setting 'uniquename=init' on input line 7.

(./Main.aux (d:/Programs/texlive/2022/texmf-dist/tex/generic/babel/locale/en/babel-english.tex
Package babel Info: Importing basic data for english
(babel)             from babel-en.ini. Reported on input line 11.
))
\openout1 = `Main.aux'.

LaTeX Font Info:    Checking defaults for OML/cmm/m/it on input line 7.
LaTeX Font Info:    ... okay on input line 7.
LaTeX Font Info:    Checking defaults for OMS/cmsy/m/n on input line 7.
LaTeX Font Info:    ... okay on input line 7.
LaTeX Font Info:    Checking defaults for OT1/cmr/m/n on input line 7.
LaTeX Font Info:    ... okay on input line 7.
LaTeX Font Info:    Checking defaults for T1/cmr/m/n on input line 7.
LaTeX Font Info:    ... okay on input line 7.
LaTeX Font Info:    Checking defaults for TS1/cmr/m/n on input line 7.
LaTeX Font Info:    ... okay on input line 7.
LaTeX Font Info:    Checking defaults for OMX/cmex/m/n on input line 7.
LaTeX Font Info:    ... okay on input line 7.
LaTeX Font Info:    Checking defaults for U/cmr/m/n on input line 7.
LaTeX Font Info:    ... okay on input line 7.
LaTeX Font Info:    Checking defaults for PD1/pdf/m/n on input line 7.
LaTeX Font Info:    ... okay on input line 7.
LaTeX Font Info:    Checking defaults for PU/pdf/m/n on input line 7.
LaTeX Font Info:    ... okay on input line 7.
Package scrbase Info: activating british \abstractname on input line 7.
Package scrbase Info: activating british \partname on input line 7.
Package scrbase Info: activating british \chaptername on input line 7.
Package scrbase Info: activating british \appendixname on input line 7.
Package scrbase Info: activating british \figurename on input line 7.
Package scrbase Info: activating british \tablename on input line 7.
Package scrbase Info: activating british \contentsname on input line 7.
Package scrbase Info: activating british \listfigurename on input line 7.
Package scrbase Info: activating british \listtablename on input line 7.
Package scrbase Info: activating british \bibname on input line 7.
Package scrbase Info: activating british \indexname on input line 7.
 (d:/Programs/texlive/2022/texmf-dist/tex/context/base/mkii/supp-pdf.mkii
[Loading MPS to PDF converter (version 2006.09.02).]
\scratchcounter=\count439
\scratchdimen=\dimen189
\scratchbox=\box72
\nofMPsegments=\count440
\nofMParguments=\count441
\everyMPshowfont=\toks35
\MPscratchCnt=\count442
\MPscratchDim=\dimen190
\MPnumerator=\count443
\makeMPintoPDFobject=\count444
\everyMPtoPDFconversion=\toks36
) (d:/Programs/texlive/2022/texmf-dist/tex/latex/epstopdf-pkg/epstopdf-base.sty
Package: epstopdf-base 2020-01-24 v2.11 Base part for package epstopdf
Package epstopdf-base Info: Redefining graphics rule for `.eps' on input line 485.
 (d:/Programs/texlive/2022/texmf-dist/tex/latex/latexconfig/epstopdf-sys.cfg
File: epstopdf-sys.cfg 2010/07/13 v1.3 Configuration of (r)epstopdf for TeX Live
))
Package hyperref Info: Link coloring OFF on input line 7.
 (./Main.out) (./Main.out)
\@outlinefile=\write4
\openout4 = `Main.out'.

Class scrreprt Info: loading recommended package `bookmark'.
(scrreprt)           Using `bookmark' together with `hyperref' is recommended,
(scrreprt)           because of handling of possible bookmark level gaps.
(scrreprt)           You can avoid loading `bookmark' with KOMA-Script option
(scrreprt)           `bookmarkpackage=false' before \begin{document} and
(scrreprt)           you can avoid this message adding:
(scrreprt)             \usepackage{bookmark}
(scrreprt)           before \begin{document} on input line 7.
 (d:/Programs/texlive/2022/texmf-dist/tex/latex/bookmark/bookmark.sty
Package: bookmark 2020-11-06 v1.29 PDF bookmarks (HO)
 (d:/Programs/texlive/2022/texmf-dist/tex/latex/bookmark/bkm-pdftex.def
File: bkm-pdftex.def 2020-11-06 v1.29 bookmark driver for pdfTeX (HO)
\BKM@id=\count445
))
Package biblatex Info: Trying to load language 'british'...
Package biblatex Info: ... file 'british.lbx' found.
 (d:/Programs/texlive/2022/texmf-dist/tex/latex/biblatex/lbx/british.lbx
File: british.lbx 2022/02/02 v3.17 biblatex localization (PK/MW)
Package biblatex Info: Trying to load language 'english'...
Package biblatex Info: ... file 'english.lbx' found.
 (d:/Programs/texlive/2022/texmf-dist/tex/latex/biblatex/lbx/english.lbx
File: english.lbx 2022/02/02 v3.17 biblatex localization (PK/MW)
))
Package biblatex Info: Trying to load language 'english'...
Package biblatex Info: ... file 'english.lbx' found.
 (d:/Programs/texlive/2022/texmf-dist/tex/latex/biblatex/lbx/english.lbx
File: english.lbx 2022/02/02 v3.17 biblatex localization (PK/MW)
)
Package biblatex Info: Input encoding 'utf8' detected.
Package biblatex Info: Automatic encoding selection.
(biblatex)             Assuming data encoding 'utf8'.
\openout3 = `Main.bcf'.

Package biblatex Info: Trying to load bibliographic data...
Package biblatex Info: ... file 'Main.bbl' found.
 (./Main.bbl

Package biblatex Warning: Biber reported the following issues
(biblatex)                with 'NASA.SRTM1Arc':
(biblatex)                - Entry 'NASA.SRTM1Arc' (../08_Literature/references.bib): Invalid format '07.09.2022' of date field 'urldate' - ignoring.


Package biblatex Warning: Biber reported the following issues
(biblatex)                with 'USGS.Earthexplorer':
(biblatex)                - Entry 'USGS.Earthexplorer' (../08_Literature/references.bib): Invalid format '07.09.2022' of date field 'urldate' - ignoring.

)
Package biblatex Info: Reference section=0 on input line 7.
Package biblatex Info: Reference segment=0 on input line 7.
 (d:/Programs/texlive/2022/texmf-dist/tex/latex/translations/translations-basic-dictionary-english.trsl
File: translations-basic-dictionary-english.trsl (english translation file `translations-basic-dictionary')
) (d:/Programs/texlive/2022/texmf-dist/tex/latex/pdflscape/pdflscape.sty
Package: pdflscape 2019/12/05 v0.12 Display of landscape pages in PDF (HO)
 (d:/Programs/texlive/2022/texmf-dist/tex/latex/graphics/lscape.sty
Package: lscape 2020/05/28 v3.02 Landscape Pages (DPC)
)
Package pdflscape Info: Auto-detected driver: pdftex on input line 81.
) (././Title.tex

pdfTeX warning: pdflatex.exe (file ./img/isu_logo.pdf): PDF inclusion: found PDF version <1.7>, but at most version <1.5> allowed
<./img/isu_logo.pdf, id=5, 216.81pt x 162.6075pt>
File: ./img/isu_logo.pdf Graphic file (type pdf)
<use ./img/isu_logo.pdf>
Package pdftex.def Info: ./img/isu_logo.pdf  used on input line 10.
(pdftex.def)             Requested size: 56.9052pt x 42.67912pt.
<./img/luh_logo.jpg, id=7, 711.3777pt x 205.2468pt>
File: ./img/luh_logo.jpg Graphic file (type jpg)
<use ./img/luh_logo.jpg>
Package pdftex.def Info: ./img/luh_logo.jpg  used on input line 12.
(pdftex.def)             Requested size: 147.91748pt x 42.67912pt.

Underfull \hbox (badness 10000) in paragraph at lines 10--13

 []


LaTeX Font Warning: Font shape `OT1/cmss/m/sc' in size <24.88> not available
(Font)              Font shape `OT1/cmr/m/sc' tried instead on input line 27.


Underfull \hbox (badness 10000) in paragraph at lines 35--40

 []

[1



{d:/Programs/texlive/2022/texmf-var/fonts/map/pdftex/updmap/pdftex.map} <./img/isu_logo.pdf> <./img/luh_logo.jpg>]) [2] (././Abstract.tex
LaTeX Font Info:    Trying to load font information for U+esvect on input line 23.
 (d:/Programs/texlive/2022/texmf-dist/tex/latex/esvect/uesvect.fd
File: uesvect.fd 
)) [1]
pdfTeX warning (ext4): destination with the same identifier (name{page.}) has been already used, duplicate ignored
<to be read again> 
                   \relax 
l.27 \newpage
              [2] (././Resume.tex)
pdfTeX warning (ext4): destination with the same identifier (name{page.}) has been already used, duplicate ignored
<to be read again> 
                   \relax 
l.30 
      [1]
pdfTeX warning (ext4): destination with the same identifier (name{page.}) has been already used, duplicate ignored
<to be read again> 
                   \relax 
l.32 \newpage
              [2] (././Declaration.tex
Underfull \hbox (badness 10000) in paragraph at lines 7--10

 []


Underfull \hbox (badness 10000) in paragraph at lines 7--10

 []

)
Underfull \hbox (badness 10000) in paragraph at lines 13--35

 []


pdfTeX warning (ext4): destination with the same identifier (name{page.}) has been already used, duplicate ignored
<to be read again> 
                   \relax 
l.36 \newpage
              [3]
pdfTeX warning (ext4): destination with the same identifier (name{page.}) has been already used, duplicate ignored
<to be read again> 
                   \relax 
l.40 \newpage
              [4] (././Acknowledgements.tex)
pdfTeX warning (ext4): destination with the same identifier (name{page.}) has been already used, duplicate ignored
<to be read again> 
                   \relax 
l.45 \newpage
              [5]
pdfTeX warning (ext4): destination with the same identifier (name{page.}) has been already used, duplicate ignored
<to be read again> 
                   \relax 
l.50 \newpage
              [6] (./Main.toc [1


])
\tf@toc=\write5
\openout5 = `Main.toc'.

 [2] (./Main.lof [3


]
Underfull \vbox (badness 10000) has occurred while \output is active []

 [4])
\tf@lof=\write6
\openout6 = `Main.lof'.


Underfull \vbox (badness 10000) has occurred while \output is active []

 [5] [6] (./Main.lot)
\tf@lot=\write7
\openout7 = `Main.lot'.

 [7


] (././Abbreviations.tex [8


]) [9] [10


]
chapter 1.

Class scrreprt Warning: \float@addtolists detected!
(scrreprt)              Implementation of \float@addtolist became
(scrreprt)              deprecated in KOMA-Script v3.01 2008/11/14 and
(scrreprt)              has been replaced by several more flexible
(scrreprt)              features of package `tocbasic`.
(scrreprt)              Since Version 3.12 support for deprecated
(scrreprt)              \float@addtolist interface has been
(scrreprt)              restricted to only some of the KOMA-Script
(scrreprt)              features and been removed from others.
(scrreprt)              Loading of package `scrhack' may help to
(scrreprt)              avoid this warning, if you are using a
(scrreprt)              a package that still implements the
(scrreprt)              deprecated \float@addtolist interface.

(../01_Introduction/../01_Introduction/Intro.tex)
pdfTeX warning (ext4): destination with the same identifier (name{page.1}) has been already used, duplicate ignored
<to be read again> 
                   \relax 
l.83 
      [1]
pdfTeX warning (ext4): destination with the same identifier (name{page.2}) has been already used, duplicate ignored
<to be read again> 
                   \relax 
l.84 \chapter
             {Theoretical Background} [2]
chapter 2.
(../02_Theoretical_Background/../02_Theoretical_Background/ThBack.tex [3


] [4]
Overfull \hbox (5.2225pt too wide) in paragraph at lines 103--106
\OT1/cmr/m/n/12 where $\OML/cmm/m/it/12 K[]$ \OT1/cmr/m/n/12 de-note the re-spect-ive hy-draulic con-duct-iv-it-ies ([]Mays and Todd, []2005[]). Without
 []

[5]) [6]
chapter 3.
(../03_SoussMassa/../03_SoussMassa/SoussMassa.tex
<../03_SoussMassa/../03_SoussMassa//./img/Map_SoussMassa.pdf, id=472, 479.7925pt x 421.575pt>
File: ../03_SoussMassa/../03_SoussMassa//./img/Map_SoussMassa.pdf Graphic file (type pdf)
<use ../03_SoussMassa/../03_SoussMassa//./img/Map_SoussMassa.pdf>
Package pdftex.def Info: ../03_SoussMassa/../03_SoussMassa//./img/Map_SoussMassa.pdf  used on input line 16.
(pdftex.def)             Requested size: 448.13095pt x 393.75893pt.


LaTeX Warning: `h' float specifier changed to `ht'.

[7


]
<../03_SoussMassa/../03_SoussMassa//./img/Fig-PrecNClimateChtouka.pdf, id=496, 426.59375pt x 426.59375pt>
File: ../03_SoussMassa/../03_SoussMassa//./img/Fig-PrecNClimateChtouka.pdf Graphic file (type pdf)
<use ../03_SoussMassa/../03_SoussMassa//./img/Fig-PrecNClimateChtouka.pdf>
Package pdftex.def Info: ../03_SoussMassa/../03_SoussMassa//./img/Fig-PrecNClimateChtouka.pdf  used on input line 54.
(pdftex.def)             Requested size: 448.13095pt x 448.15796pt.
 [8] [9] [10]
Overfull \hbox (4.39214pt too wide) in paragraph at lines 121--126
[]\OT1/cmr/m/n/12 With a year-round grow-ing sea-son, the Souss Massa Basin ac-counts be-sides other products
 []

<../03_SoussMassa/../03_SoussMassa//./img/Map_ChtoukaOverview.pdf, id=566, 479.7925pt x 373.395pt>
File: ../03_SoussMassa/../03_SoussMassa//./img/Map_ChtoukaOverview.pdf Graphic file (type pdf)
<use ../03_SoussMassa/../03_SoussMassa//./img/Map_ChtoukaOverview.pdf>
Package pdftex.def Info: ../03_SoussMassa/../03_SoussMassa//./img/Map_ChtoukaOverview.pdf  used on input line 142.
(pdftex.def)             Requested size: 448.13095pt x 348.7579pt.

LaTeX Warning: `h' float specifier changed to `ht'.

) (../04_MaterialMethods/../04_MaterialMethods/MatMeth.tex [11] [12
pdfTeX warning (ext4): destination with the same identifier (name{figure.3.1}) has been already used, duplicate ignored
<argument> ...shipout:D \box_use:N \l_shipout_box 
                                                  \__shipout_drop_firstpage_...
l.3 \chapter
            {Conceptual Model/Model Geometry} <../03_SoussMassa/../03_SoussMassa//./img/Map_SoussMassa.pdf>] [13
pdfTeX warning (ext4): destination with the same identifier (name{figure.3.2}) has been already used, duplicate ignored
<argument> ...shipout:D \box_use:N \l_shipout_box 
                                                  \__shipout_drop_firstpage_...
l.3 \chapter
            {Conceptual Model/Model Geometry} <../03_SoussMassa/../03_SoussMassa//./img/Fig-PrecNClimateChtouka.pdf>] [14
pdfTeX warning (ext4): destination with the same identifier (name{figure.3.3}) has been already used, duplicate ignored
<argument> ...shipout:D \box_use:N \l_shipout_box 
                                                  \__shipout_drop_firstpage_...
l.3 \chapter
            {Conceptual Model/Model Geometry} <../03_SoussMassa/../03_SoussMassa//./img/Map_ChtoukaOverview.pdf>]
chapter 4.


pdfTeX warning: pdflatex.exe (file ../04_MaterialMethods/../04_MaterialMethods//./img/Fig-SchematicBalanceSystem.pdf): PDF inclusion: found PDF version <1.6>, but at most version <1.5> allowed
<../04_MaterialMethods/../04_MaterialMethods//./img/Fig-SchematicBalanceSystem.pdf, id=653, 2318.89972pt x 1536.16426pt>
File: ../04_MaterialMethods/../04_MaterialMethods//./img/Fig-SchematicBalanceSystem.pdf Graphic file (type pdf)
<use ../04_MaterialMethods/../04_MaterialMethods//./img/Fig-SchematicBalanceSystem.pdf>
Package pdftex.def Info: ../04_MaterialMethods/../04_MaterialMethods//./img/Fig-SchematicBalanceSystem.pdf  used on input line 23.
(pdftex.def)             Requested size: 448.13095pt x 296.86696pt.

LaTeX Warning: `h' float specifier changed to `ht'.

<../04_MaterialMethods/../04_MaterialMethods//./img/Map-BCPzPrec.pdf, id=657, 479.7925pt x 477.785pt>
File: ../04_MaterialMethods/../04_MaterialMethods//./img/Map-BCPzPrec.pdf Graphic file (type pdf)
<use ../04_MaterialMethods/../04_MaterialMethods//./img/Map-BCPzPrec.pdf>
Package pdftex.def Info: ../04_MaterialMethods/../04_MaterialMethods//./img/Map-BCPzPrec.pdf  used on input line 40.
(pdftex.def)             Requested size: 479.7913pt x 477.78383pt.

Overfull \hbox (31.66035pt too wide) in paragraph at lines 40--41
 [][] 
 []


LaTeX Warning: `h' float specifier changed to `ht'.

[15


] [16
pdfTeX warning (ext4): destination with the same identifier (name{figure.4.1}) has been already used, duplicate ignored
<argument> ...shipout:D \box_use:N \l_shipout_box 
                                                  \__shipout_drop_firstpage_...
l.64 
      <../04_MaterialMethods/../04_MaterialMethods//./img/Fig-SchematicBalanceSystem.pdf>]
<../04_MaterialMethods/../04_MaterialMethods//./img/Fig-EasternBoundary.pdf, id=690, 426.59375pt x 284.06125pt>
File: ../04_MaterialMethods/../04_MaterialMethods//./img/Fig-EasternBoundary.pdf Graphic file (type pdf)
<use ../04_MaterialMethods/../04_MaterialMethods//./img/Fig-EasternBoundary.pdf>
Package pdftex.def Info: ../04_MaterialMethods/../04_MaterialMethods//./img/Fig-EasternBoundary.pdf  used on input line 80.
(pdftex.def)             Requested size: 426.5927pt x 284.06053pt.


LaTeX Warning: `h' float specifier changed to `ht'.

[17] [18]

pdfTeX warning: pdflatex.exe (file ../04_MaterialMethods/../04_MaterialMethods//./img/Fig-GeoMod.pdf): PDF inclusion: found PDF version <1.6>, but at most version <1.5> allowed
<../04_MaterialMethods/../04_MaterialMethods//./img/Fig-GeoMod.pdf, id=716, 426.79132pt x 235.30429pt>
File: ../04_MaterialMethods/../04_MaterialMethods//./img/Fig-GeoMod.pdf Graphic file (type pdf)
<use ../04_MaterialMethods/../04_MaterialMethods//./img/Fig-GeoMod.pdf>
Package pdftex.def Info: ../04_MaterialMethods/../04_MaterialMethods//./img/Fig-GeoMod.pdf  used on input line 166.
(pdftex.def)             Requested size: 426.79028pt x 235.30371pt.

LaTeX Warning: `h' float specifier changed to `ht'.

[19]
Overfull \hbox (1.78522pt too wide) in paragraph at lines 179--182
[]\OT1/cmr/m/n/12 For es-tim-a-tions of the local pre-cip-it-a-tion, data-sets from met-eor-o-lo-gical sta-tions in Agadir,
 []


Underfull \hbox (badness 10000) in paragraph at lines 184--186
[]\OT1/cmr/m/n/12 The north-west-ern zone has the highest av-er-age an-nual pre-cip-it-a-tion of
 []

<../04_MaterialMethods/../04_MaterialMethods//./img/Fig-PrecRecharge.pdf, id=730, 426.59375pt x 227.85126pt>
File: ../04_MaterialMethods/../04_MaterialMethods//./img/Fig-PrecRecharge.pdf Graphic file (type pdf)
<use ../04_MaterialMethods/../04_MaterialMethods//./img/Fig-PrecRecharge.pdf>
Package pdftex.def Info: ../04_MaterialMethods/../04_MaterialMethods//./img/Fig-PrecRecharge.pdf  used on input line 193.
(pdftex.def)             Requested size: 426.5927pt x 227.8507pt.

LaTeX Warning: `h' float specifier changed to `ht'.

[20]
<../04_MaterialMethods/../04_MaterialMethods//./img/Map_IrrDri.pdf, id=743, 479.7925pt x 327.2225pt>
File: ../04_MaterialMethods/../04_MaterialMethods//./img/Map_IrrDri.pdf Graphic file (type pdf)
<use ../04_MaterialMethods/../04_MaterialMethods//./img/Map_IrrDri.pdf>
Package pdftex.def Info: ../04_MaterialMethods/../04_MaterialMethods//./img/Map_IrrDri.pdf  used on input line 234.
(pdftex.def)             Requested size: 479.7913pt x 327.2217pt.

Overfull \hbox (31.66035pt too wide) in paragraph at lines 234--235
 [][] 
 []


LaTeX Warning: `h' float specifier changed to `ht'.

[21] [22] [23
pdfTeX warning (ext4): destination with the same identifier (name{figure.4.2}) has been already used, duplicate ignored
<argument> ...shipout:D \box_use:N \l_shipout_box 
                                                  \__shipout_drop_firstpage_...
l.282 \chapter
              {Implementation of the Model} <../04_MaterialMethods/../04_MaterialMethods//./img/Map-BCPzPrec.pdf>] [24
pdfTeX warning (ext4): destination with the same identifier (name{figure.4.3}) has been already used, duplicate ignored
<argument> ...shipout:D \box_use:N \l_shipout_box 
                                                  \__shipout_drop_firstpage_...
l.282 \chapter
              {Implementation of the Model} <../04_MaterialMethods/../04_MaterialMethods//./img/Fig-EasternBoundary.pdf>] [25
pdfTeX warning (ext4): destination with the same identifier (name{figure.4.4}) has been already used, duplicate ignored
<argument> ...shipout:D \box_use:N \l_shipout_box 
                                                  \__shipout_drop_firstpage_...
l.282 \chapter
              {Implementation of the Model}
pdfTeX warning (ext4): destination with the same identifier (name{figure.4.5}) has been already used, duplicate ignored
<argument> ...shipout:D \box_use:N \l_shipout_box 
                                                  \__shipout_drop_firstpage_...
l.282 \chapter
              {Implementation of the Model} <../04_MaterialMethods/../04_MaterialMethods//./img/Fig-GeoMod.pdf> <../04_MaterialMethods/../04_MaterialMethods//./img/Fig-PrecRecharge.pdf>] [26
pdfTeX warning (ext4): destination with the same identifier (name{figure.4.6}) has been already used, duplicate ignored
<argument> ...shipout:D \box_use:N \l_shipout_box 
                                                  \__shipout_drop_firstpage_...
l.282 \chapter
              {Implementation of the Model} <../04_MaterialMethods/../04_MaterialMethods//./img/Map_IrrDri.pdf>]
chapter 5.
[27


] [28] [29
pdfTeX warning (ext4): destination with the same identifier (name{table.5.1}) has been already used, duplicate ignored
<argument> ...shipout:D \box_use:N \l_shipout_box 
                                                  \__shipout_drop_firstpage_...
l.393 
      ] [30]
<../04_MaterialMethods/../04_MaterialMethods//./img/Fig-ParamSpaceEx.pdf, id=2357, 369.38pt x 227.85126pt>
File: ../04_MaterialMethods/../04_MaterialMethods//./img/Fig-ParamSpaceEx.pdf Graphic file (type pdf)
<use ../04_MaterialMethods/../04_MaterialMethods//./img/Fig-ParamSpaceEx.pdf>
Package pdftex.def Info: ../04_MaterialMethods/../04_MaterialMethods//./img/Fig-ParamSpaceEx.pdf  used on input line 464.
(pdftex.def)             Requested size: 369.37909pt x 227.8507pt.


LaTeX Warning: `h' float specifier changed to `ht'.

[31] [32
pdfTeX warning (ext4): destination with the same identifier (name{figure.5.1}) has been already used, duplicate ignored
<argument> ...shipout:D \box_use:N \l_shipout_box 
                                                  \__shipout_drop_firstpage_...
l.502 
       <../04_MaterialMethods/../04_MaterialMethods//./img/Fig-ParamSpaceEx.pdf>]
Overfull \hbox (1.0518pt too wide) in paragraph at lines 513--515
\OT1/cmr/m/n/12 where $\OML/cmm/m/it/12 K[]$ \OT1/cmr/m/n/12 is the ho-ri-zontal hy-draulic con-duct-iv-ity. Second, a con-stant an-iso-tropy between
 []


LaTeX Warning: `h' float specifier changed to `ht'.

[33] [34
pdfTeX warning (ext4): destination with the same identifier (name{table.5.2}) has been already used, duplicate ignored
<argument> ...shipout:D \box_use:N \l_shipout_box 
                                                  \__shipout_drop_firstpage_...
l.587 
      ]
Overfull \hbox (0.68272pt too wide) in paragraph at lines 616--621
\OT1/cmr/m/n/12 The in-ter-val bound-ar-ies $\OML/cmm/m/it/12 ^^R[]$ \OT1/cmr/m/n/12 and $\OML/cmm/m/it/12 ^^R[]$ \OT1/cmr/m/n/12 are defined as the nearest neigh-bours $\OML/cmm/m/it/12 ^^R[]$
 []

[35]
<../04_MaterialMethods/../04_MaterialMethods//./img/Fig-RMSEvsCorr.pdf, id=3864, 426.59375pt x 210.7875pt>
File: ../04_MaterialMethods/../04_MaterialMethods//./img/Fig-RMSEvsCorr.pdf Graphic file (type pdf)
<use ../04_MaterialMethods/../04_MaterialMethods//./img/Fig-RMSEvsCorr.pdf>
Package pdftex.def Info: ../04_MaterialMethods/../04_MaterialMethods//./img/Fig-RMSEvsCorr.pdf  used on input line 658.
(pdftex.def)             Requested size: 426.5927pt x 210.78699pt.


LaTeX Warning: `h' float specifier changed to `ht'.

[36] [37
pdfTeX warning (ext4): destination with the same identifier (name{figure.5.2}) has been already used, duplicate ignored
<argument> ...shipout:D \box_use:N \l_shipout_box 
                                                  \__shipout_drop_firstpage_...
l.691 
       <../04_MaterialMethods/../04_MaterialMethods//./img/Fig-RMSEvsCorr.pdf>] [38]) [39] [40


]
chapter 6.
(../05_Results/../05_Results/Results.tex [41]
<../05_Results/../05_Results//./img/Fig-SensAna-K_h-DeltaS_0.pdf, id=3915, 426.59375pt x 227.85126pt>
File: ../05_Results/../05_Results//./img/Fig-SensAna-K_h-DeltaS_0.pdf Graphic file (type pdf)
<use ../05_Results/../05_Results//./img/Fig-SensAna-K_h-DeltaS_0.pdf>
Package pdftex.def Info: ../05_Results/../05_Results//./img/Fig-SensAna-K_h-DeltaS_0.pdf  used on input line 30.
(pdftex.def)             Requested size: 358.50612pt x 191.49457pt.
<../05_Results/../05_Results//./img/Fig-SensAna-K_h-p_1.pdf, id=3918, 426.59375pt x 227.85126pt>
File: ../05_Results/../05_Results//./img/Fig-SensAna-K_h-p_1.pdf Graphic file (type pdf)
<use ../05_Results/../05_Results//./img/Fig-SensAna-K_h-p_1.pdf>
Package pdftex.def Info: ../05_Results/../05_Results//./img/Fig-SensAna-K_h-p_1.pdf  used on input line 34.
(pdftex.def)             Requested size: 358.50612pt x 191.49457pt.
<../05_Results/../05_Results//./img/Fig-SensAna-K_h-R^2.pdf, id=3921, 426.59375pt x 227.85126pt>
File: ../05_Results/../05_Results//./img/Fig-SensAna-K_h-R^2.pdf Graphic file (type pdf)
<use ../05_Results/../05_Results//./img/Fig-SensAna-K_h-R^2.pdf>
Package pdftex.def Info: ../05_Results/../05_Results//./img/Fig-SensAna-K_h-R^2.pdf  used on input line 41.
(pdftex.def)             Requested size: 358.50612pt x 191.49457pt.
<../05_Results/../05_Results//./img/Fig-SensAna-S_s-DeltaS_0.pdf, id=3924, 426.59375pt x 227.85126pt>
File: ../05_Results/../05_Results//./img/Fig-SensAna-S_s-DeltaS_0.pdf Graphic file (type pdf)
<use ../05_Results/../05_Results//./img/Fig-SensAna-S_s-DeltaS_0.pdf>
Package pdftex.def Info: ../05_Results/../05_Results//./img/Fig-SensAna-S_s-DeltaS_0.pdf  used on input line 45.
(pdftex.def)             Requested size: 358.50612pt x 191.49457pt.
<../05_Results/../05_Results//./img/Fig-SensAna-S_s-p_1.pdf, id=3931, 426.59375pt x 227.85126pt>
File: ../05_Results/../05_Results//./img/Fig-SensAna-S_s-p_1.pdf Graphic file (type pdf)
<use ../05_Results/../05_Results//./img/Fig-SensAna-S_s-p_1.pdf>
Package pdftex.def Info: ../05_Results/../05_Results//./img/Fig-SensAna-S_s-p_1.pdf  used on input line 63.
(pdftex.def)             Requested size: 358.50612pt x 191.49457pt.
<../05_Results/../05_Results//./img/Fig-SensAna-S_s-R^2.pdf, id=3934, 426.59375pt x 227.85126pt>
File: ../05_Results/../05_Results//./img/Fig-SensAna-S_s-R^2.pdf Graphic file (type pdf)
<use ../05_Results/../05_Results//./img/Fig-SensAna-S_s-R^2.pdf>
Package pdftex.def Info: ../05_Results/../05_Results//./img/Fig-SensAna-S_s-R^2.pdf  used on input line 67.
(pdftex.def)             Requested size: 358.50612pt x 191.49457pt.
<../05_Results/../05_Results//./img/Fig-SensAna-theta_{Q,irr}-DeltaS_0.pdf, id=3940, 426.59375pt x 227.85126pt>
File: ../05_Results/../05_Results//./img/Fig-SensAna-theta_{Q,irr}-DeltaS_0.pdf Graphic file (type pdf)
<use ../05_Results/../05_Results//./img/Fig-SensAna-theta_{Q,irr}-DeltaS_0.pdf>
Package pdftex.def Info: ../05_Results/../05_Results//./img/Fig-SensAna-theta_{Q,irr}-DeltaS_0.pdf  used on input line 78.
(pdftex.def)             Requested size: 358.50612pt x 191.49457pt.
<../05_Results/../05_Results//./img/Fig-SensAna-theta_{Q,irr}-p_1.pdf, id=3943, 426.59375pt x 227.85126pt>
File: ../05_Results/../05_Results//./img/Fig-SensAna-theta_{Q,irr}-p_1.pdf Graphic file (type pdf)
<use ../05_Results/../05_Results//./img/Fig-SensAna-theta_{Q,irr}-p_1.pdf>
Package pdftex.def Info: ../05_Results/../05_Results//./img/Fig-SensAna-theta_{Q,irr}-p_1.pdf  used on input line 82.
(pdftex.def)             Requested size: 358.50612pt x 191.49457pt.
<../05_Results/../05_Results//./img/Fig-SensAna-theta_{Q,irr}-R^2.pdf, id=3946, 426.59375pt x 227.85126pt>
File: ../05_Results/../05_Results//./img/Fig-SensAna-theta_{Q,irr}-R^2.pdf Graphic file (type pdf)
<use ../05_Results/../05_Results//./img/Fig-SensAna-theta_{Q,irr}-R^2.pdf>
Package pdftex.def Info: ../05_Results/../05_Results//./img/Fig-SensAna-theta_{Q,irr}-R^2.pdf  used on input line 89.
(pdftex.def)             Requested size: 358.50612pt x 191.49457pt.


LaTeX Warning: `h' float specifier changed to `ht'.

[42] [43
pdfTeX warning (ext4): destination with the same identifier (name{figure.6.1}) has been already used, duplicate ignored
<argument> ...shipout:D \box_use:N \l_shipout_box 
                                                  \__shipout_drop_firstpage_...
l.120 
      
pdfTeX warning (ext4): destination with the same identifier (name{figure.6.2}) has been already used, duplicate ignored
<argument> ...shipout:D \box_use:N \l_shipout_box 
                                                  \__shipout_drop_firstpage_...
l.120 
       <../05_Results/../05_Results//./img/Fig-SensAna-K_h-DeltaS_0.pdf> <../05_Results/../05_Results//./img/Fig-SensAna-K_h-p_1.pdf>] [44
pdfTeX warning (ext4): destination with the same identifier (name{figure.6.3}) has been already used, duplicate ignored
<argument> ...shipout:D \box_use:N \l_shipout_box 
                                                  \__shipout_drop_firstpage_...
l.120 
      
pdfTeX warning (ext4): destination with the same identifier (name{figure.6.4}) has been already used, duplicate ignored
<argument> ...shipout:D \box_use:N \l_shipout_box 
                                                  \__shipout_drop_firstpage_...
l.120 
       <../05_Results/../05_Results//./img/Fig-SensAna-K_h-R^2.pdf> <../05_Results/../05_Results//./img/Fig-SensAna-S_s-DeltaS_0.pdf>] [45
pdfTeX warning (ext4): destination with the same identifier (name{figure.6.5}) has been already used, duplicate ignored
<argument> ...shipout:D \box_use:N \l_shipout_box 
                                                  \__shipout_drop_firstpage_...
l.120 
      
pdfTeX warning (ext4): destination with the same identifier (name{figure.6.6}) has been already used, duplicate ignored
<argument> ...shipout:D \box_use:N \l_shipout_box 
                                                  \__shipout_drop_firstpage_...
l.120 
       <../05_Results/../05_Results//./img/Fig-SensAna-S_s-p_1.pdf> <../05_Results/../05_Results//./img/Fig-SensAna-S_s-R^2.pdf>] [46
pdfTeX warning (ext4): destination with the same identifier (name{figure.6.7}) has been already used, duplicate ignored
<argument> ...shipout:D \box_use:N \l_shipout_box 
                                                  \__shipout_drop_firstpage_...
l.120 
      
pdfTeX warning (ext4): destination with the same identifier (name{figure.6.8}) has been already used, duplicate ignored
<argument> ...shipout:D \box_use:N \l_shipout_box 
                                                  \__shipout_drop_firstpage_...
l.120 
       <../05_Results/../05_Results//./img/Fig-SensAna-theta_{Q,irr}-DeltaS_0.pdf> <../05_Results/../05_Results//./img/Fig-SensAna-theta_{Q,irr}-p_1.pdf>] [47
pdfTeX warning (ext4): destination with the same identifier (name{figure.6.9}) has been already used, duplicate ignored
<argument> ...shipout:D \box_use:N \l_shipout_box 
                                                  \__shipout_drop_firstpage_...
l.160 
       <../05_Results/../05_Results//./img/Fig-SensAna-theta_{Q,irr}-R^2.pdf>]
<../05_Results/../05_Results//./img/Fig-CalibResults.pdf, id=4062, 426.59375pt x 227.85126pt>
File: ../05_Results/../05_Results//./img/Fig-CalibResults.pdf Graphic file (type pdf)
<use ../05_Results/../05_Results//./img/Fig-CalibResults.pdf>
Package pdftex.def Info: ../05_Results/../05_Results//./img/Fig-CalibResults.pdf  used on input line 163.
(pdftex.def)             Requested size: 358.50612pt x 191.49457pt.


LaTeX Warning: `h' float specifier changed to `ht'.


LaTeX Warning: `h' float specifier changed to `ht'.

[48
pdfTeX warning (ext4): destination with the same identifier (name{table.6.1}) has been already used, duplicate ignored
<argument> ...shipout:D \box_use:N \l_shipout_box 
                                                  \__shipout_drop_firstpage_...
l.196 
      ] [49
pdfTeX warning (ext4): destination with the same identifier (name{figure.6.10}) has been already used, duplicate ignored
<argument> ...shipout:D \box_use:N \l_shipout_box 
                                                  \__shipout_drop_firstpage_...
l.202 T
       he underlying assumption of this method is that simulation values $S$...
pdfTeX warning (ext4): destination with the same identifier (name{table.6.2}) has been already used, duplicate ignored
<argument> ...shipout:D \box_use:N \l_shipout_box 
                                                  \__shipout_drop_firstpage_...
l.202 T
       he underlying assumption of this method is that simulation values $S$... <../05_Results/../05_Results//./img/Fig-CalibResults.pdf>]) [50]
chapter 7.
(../06_Conclusion/../06_Conclusion/Conc.tex) [51


] [52


]
chapter without number
[53] [54] [55] (../09_Appendix/../09_Appendix/Apdx.tex [56]
chapter A.
<../09_Appendix/../09_Appendix//MSc_Projekt_Marokko_NM_TG.pdf, id=4126, 597.53635pt x 845.04686pt>
File: ../09_Appendix/../09_Appendix//MSc_Projekt_Marokko_NM_TG.pdf Graphic file (type pdf)
<use ../09_Appendix/../09_Appendix//MSc_Projekt_Marokko_NM_TG.pdf>
Package pdftex.def Info: ../09_Appendix/../09_Appendix//MSc_Projekt_Marokko_NM_TG.pdf  used on input line 3.
(pdftex.def)             Requested size: 597.53488pt x 845.0448pt.
File: ../09_Appendix/../09_Appendix//MSc_Projekt_Marokko_NM_TG.pdf Graphic file (type pdf)
<use ../09_Appendix/../09_Appendix//MSc_Projekt_Marokko_NM_TG.pdf>
Package pdftex.def Info: ../09_Appendix/../09_Appendix//MSc_Projekt_Marokko_NM_TG.pdf  used on input line 3.
(pdftex.def)             Requested size: 597.53488pt x 845.0448pt.
<../09_Appendix/../09_Appendix//MSc_Projekt_Marokko_NM_TG.pdf, id=4129, page=1, 597.53635pt x 845.04686pt>
File: ../09_Appendix/../09_Appendix//MSc_Projekt_Marokko_NM_TG.pdf Graphic file (type pdf)
<use ../09_Appendix/../09_Appendix//MSc_Projekt_Marokko_NM_TG.pdf, page 1>
Package pdftex.def Info: ../09_Appendix/../09_Appendix//MSc_Projekt_Marokko_NM_TG.pdf , page1 used on input line 3.
(pdftex.def)             Requested size: 597.53488pt x 845.0448pt.
File: ../09_Appendix/../09_Appendix//MSc_Projekt_Marokko_NM_TG.pdf Graphic file (type pdf)
<use ../09_Appendix/../09_Appendix//MSc_Projekt_Marokko_NM_TG.pdf, page 1>
Package pdftex.def Info: ../09_Appendix/../09_Appendix//MSc_Projekt_Marokko_NM_TG.pdf , page1 used on input line 3.
(pdftex.def)             Requested size: 597.56223pt x 845.08348pt.
[57


]
File: ../09_Appendix/../09_Appendix//MSc_Projekt_Marokko_NM_TG.pdf Graphic file (type pdf)
<use ../09_Appendix/../09_Appendix//MSc_Projekt_Marokko_NM_TG.pdf, page 1>
Package pdftex.def Info: ../09_Appendix/../09_Appendix//MSc_Projekt_Marokko_NM_TG.pdf , page1 used on input line 3.
(pdftex.def)             Requested size: 597.56223pt x 845.08348pt.
File: ../09_Appendix/../09_Appendix//MSc_Projekt_Marokko_NM_TG.pdf Graphic file (type pdf)
<use ../09_Appendix/../09_Appendix//MSc_Projekt_Marokko_NM_TG.pdf, page 1>
Package pdftex.def Info: ../09_Appendix/../09_Appendix//MSc_Projekt_Marokko_NM_TG.pdf , page1 used on input line 3.
(pdftex.def)             Requested size: 597.56223pt x 845.08348pt.
File: ../09_Appendix/../09_Appendix//MSc_Projekt_Marokko_NM_TG.pdf Graphic file (type pdf)
<use ../09_Appendix/../09_Appendix//MSc_Projekt_Marokko_NM_TG.pdf, page 1>
Package pdftex.def Info: ../09_Appendix/../09_Appendix//MSc_Projekt_Marokko_NM_TG.pdf , page1 used on input line 3.
(pdftex.def)             Requested size: 597.56223pt x 845.08348pt.
 [58 <../09_Appendix/../09_Appendix//MSc_Projekt_Marokko_NM_TG.pdf>]
<../09_Appendix/../09_Appendix//MSc_Projekt_Marokko_NM_TG.pdf, id=4151, page=2, 597.53635pt x 845.04686pt>
File: ../09_Appendix/../09_Appendix//MSc_Projekt_Marokko_NM_TG.pdf Graphic file (type pdf)
<use ../09_Appendix/../09_Appendix//MSc_Projekt_Marokko_NM_TG.pdf, page 2>
Package pdftex.def Info: ../09_Appendix/../09_Appendix//MSc_Projekt_Marokko_NM_TG.pdf , page2 used on input line 3.
(pdftex.def)             Requested size: 597.56223pt x 845.08348pt.
File: ../09_Appendix/../09_Appendix//MSc_Projekt_Marokko_NM_TG.pdf Graphic file (type pdf)
<use ../09_Appendix/../09_Appendix//MSc_Projekt_Marokko_NM_TG.pdf, page 2>
Package pdftex.def Info: ../09_Appendix/../09_Appendix//MSc_Projekt_Marokko_NM_TG.pdf , page2 used on input line 3.
(pdftex.def)             Requested size: 597.56223pt x 845.08348pt.
File: ../09_Appendix/../09_Appendix//MSc_Projekt_Marokko_NM_TG.pdf Graphic file (type pdf)
<use ../09_Appendix/../09_Appendix//MSc_Projekt_Marokko_NM_TG.pdf, page 2>
Package pdftex.def Info: ../09_Appendix/../09_Appendix//MSc_Projekt_Marokko_NM_TG.pdf , page2 used on input line 3.
(pdftex.def)             Requested size: 597.56223pt x 845.08348pt.
 [59 <../09_Appendix/../09_Appendix//MSc_Projekt_Marokko_NM_TG.pdf>]) (./Main.aux)

LaTeX Warning: There were undefined references.

Package rerunfilecheck Info: File `Main.out' has not changed.
(rerunfilecheck)             Checksum: D41D8CD98F00B204E9800998ECF8427E;0.

Package biblatex Warning: Please rerun LaTeX.

Package logreq Info: Writing requests to 'Main.run.xml'.
\openout1 = `Main.run.xml'.

 ) 
Here is how much of TeX's memory you used:
 27439 strings out of 478040
 560604 string characters out of 5838628
 1415209 words of memory out of 5000000
 45231 multiletter control sequences out of 15000+600000
 481473 words of font info for 72 fonts, out of 8000000 for 9000
 1141 hyphenation exceptions out of 8191
 108i,17n,106p,10689b,3329s stack positions out of 10000i,1000n,20000p,200000b,200000s
{d:/Programs/texlive/2022/texmf-dist/fonts/enc/dvips/cm-super/cm-super-ts1.enc}<d:/Programs/texlive/2022/texmf-dist/fonts/type1/public/amsfonts/cm/cmbsy10.pfb><d:/Programs/texlive/2022/texmf-dist/fonts/type1/public/amsfonts/cm/cmbx12.pfb><d:/Programs/texlive/2022/texmf-dist/fonts/type1/public/amsfonts/cm/cmcsc10.pfb><d:/Programs/texlive/2022/texmf-dist/fonts/type1/public/amsfonts/cm/cmex10.pfb><d:/Programs/texlive/2022/texmf-dist/fonts/type1/public/amsfonts/cm/cmmi12.pfb><d:/Programs/texlive/2022/texmf-dist/fonts/type1/public/amsfonts/cm/cmmi6.pfb><d:/Programs/texlive/2022/texmf-dist/fonts/type1/public/amsfonts/cm/cmmi8.pfb><d:/Programs/texlive/2022/texmf-dist/fonts/type1/public/amsfonts/cm/cmmib10.pfb><d:/Programs/texlive/2022/texmf-dist/fonts/type1/public/amsfonts/cm/cmr10.pfb><d:/Programs/texlive/2022/texmf-dist/fonts/type1/public/amsfonts/cm/cmr12.pfb><d:/Programs/texlive/2022/texmf-dist/fonts/type1/public/amsfonts/cm/cmr6.pfb><d:/Programs/texlive/2022/texmf-dist/fonts/type1/public/amsfonts/cm/cmr8.pfb><d:/Programs/texlive/2022/texmf-dist/fonts/type1/public/amsfonts/cm/cmssbx10.pfb><d:/Programs/texlive/2022/texmf-dist/fonts/type1/public/amsfonts/cm/cmsy10.pfb><d:/Programs/texlive/2022/texmf-dist/fonts/type1/public/amsfonts/cm/cmsy6.pfb><d:/Programs/texlive/2022/texmf-dist/fonts/type1/public/amsfonts/cm/cmsy8.pfb><d:/Programs/texlive/2022/texmf-dist/fonts/type1/public/amsfonts/cm/cmti12.pfb><d:/Programs/texlive/2022/texmf-dist/fonts/type1/public/amsfonts/cm/cmtt12.pfb><d:/Programs/texlive/2022/texmf-dist/fonts/type1/public/cm-super/sfrm1200.pfb>
Output written on Main.pdf (79 pages, 10532552 bytes).
PDF statistics:
 4429 PDF objects out of 5155 (max. 8388607)
 3023 compressed objects within 31 object streams
 226 named destinations out of 1000 (max. 500000)
 501 words of extra memory for PDF output out of 10000 (max. 10000000)

